  Img_deal.cpp
C:\Myprogram\opencv\build\include\opencv2\objdetect\aruco_board.hpp(1,1): warning C4819: 该文件包含不能在当前代码页(936)中表示的字符。请将该文件保存为 Unicode 格式以防止数据丢失
C:\Users\HammerTank\Desktop\my_opencv_project\opencv_project\Img_deal.cpp(272,26): warning C4244: “=”: 从“double”转换到“float”，可能丢失数据
C:\Users\HammerTank\Desktop\my_opencv_project\opencv_project\Img_deal.cpp(273,26): warning C4244: “=”: 从“double”转换到“float”，可能丢失数据
C:\Users\HammerTank\Desktop\my_opencv_project\opencv_project\Img_deal.cpp(302,35): warning C4244: “=”: 从“double”转换到“float”，可能丢失数据
C:\Users\HammerTank\Desktop\my_opencv_project\opencv_project\Img_deal.cpp(303,35): warning C4244: “=”: 从“double”转换到“float”，可能丢失数据
C:\Users\HammerTank\Desktop\my_opencv_project\opencv_project\Img_deal.cpp(340,35): warning C4244: “=”: 从“double”转换到“float”，可能丢失数据
C:\Users\HammerTank\Desktop\my_opencv_project\opencv_project\Img_deal.cpp(466,27): warning C4244: “=”: 从“float”转换到“int”，可能丢失数据
C:\Users\HammerTank\Desktop\my_opencv_project\opencv_project\Img_deal.cpp(469,11): warning C4244: “=”: 从“double”转换到“float”，可能丢失数据
C:\Users\HammerTank\Desktop\my_opencv_project\opencv_project\Img_deal.cpp(1305,45): warning C4244: “=”: 从“float”转换到“int”，可能丢失数据
C:\Users\HammerTank\Desktop\my_opencv_project\opencv_project\Img_deal.cpp(1488,17): warning C4244: “=”: 从“double”转换到“float”，可能丢失数据
C:\Users\HammerTank\Desktop\my_opencv_project\opencv_project\Img_deal.cpp(1489,17): warning C4244: “=”: 从“double”转换到“float”，可能丢失数据
C:\Users\HammerTank\Desktop\my_opencv_project\opencv_project\Img_deal.cpp(1490,25): warning C4244: “=”: 从“double”转换到“float”，可能丢失数据
C:\Users\HammerTank\Desktop\my_opencv_project\opencv_project\Img_deal.cpp(1491,32): warning C4244: “=”: 从“double”转换到“float”，可能丢失数据
C:\Users\HammerTank\Desktop\my_opencv_project\opencv_project\Img_deal.cpp(2161,43): warning C4244: “=”: 从“double”转换到“float”，可能丢失数据
C:\Users\HammerTank\Desktop\my_opencv_project\opencv_project\Img_deal.cpp(2169,41): warning C4244: “=”: 从“float”转换到“int”，可能丢失数据
C:\Users\HammerTank\Desktop\my_opencv_project\opencv_project\Img_deal.cpp(2299,43): warning C4244: “=”: 从“double”转换到“float”，可能丢失数据
C:\Users\HammerTank\Desktop\my_opencv_project\opencv_project\Img_deal.cpp(2307,41): warning C4244: “=”: 从“float”转换到“int”，可能丢失数据
C:\Users\HammerTank\Desktop\my_opencv_project\opencv_project\Img_deal.cpp(2544,39): warning C4305: “=”: 从“double”到“float”截断
  cv_main.cpp
C:\Myprogram\opencv\build\include\opencv2\objdetect\aruco_board.hpp(1,1): warning C4819: 该文件包含不能在当前代码页(936)中表示的字符。请将该文件保存为 Unicode 格式以防止数据丢失
  load.cpp
C:\Users\HammerTank\Desktop\my_opencv_project\opencv_project\load.cpp(1,1): warning C4819: 该文件包含不能在当前代码页(936)中表示的字符。请将该文件保存为 Unicode 格式以防止数据丢失
C:\Myprogram\opencv\build\include\opencv2\objdetect\aruco_board.hpp(1,1): warning C4819: 该文件包含不能在当前代码页(936)中表示的字符。请将该文件保存为 Unicode 格式以防止数据丢失
  正在生成代码...
  opencv_project.vcxproj -> C:\Users\HammerTank\Desktop\my_opencv_project\x64\Debug\opencv_project.exe
