c:\users\hammertank\desktop\opencv_project\opencv_project\x64\debug\vc143.pdb
c:\users\hammertank\desktop\opencv_project\opencv_project\x64\debug\vc143.idb
c:\users\hammertank\desktop\opencv_project\opencv_project\x64\debug\load.obj
c:\users\hammertank\desktop\opencv_project\opencv_project\x64\debug\cv_main.obj
c:\users\hammertank\desktop\opencv_project\opencv_project\x64\debug\buffer.obj
c:\users\hammertank\desktop\opencv_project\x64\debug\opencv_project.pdb
c:\users\hammertank\desktop\opencv_project\x64\debug\opencv_project.ilk
c:\users\hammertank\desktop\opencv_project\opencv_project\x64\debug\opencv_project.tlog\cl.command.1.tlog
c:\users\hammertank\desktop\opencv_project\opencv_project\x64\debug\opencv_project.tlog\cl.read.1.tlog
c:\users\hammertank\desktop\opencv_project\opencv_project\x64\debug\opencv_project.tlog\cl.write.1.tlog
c:\users\hammertank\desktop\opencv_project\opencv_project\x64\debug\opencv_project.tlog\link-cvtres.read.1.tlog
c:\users\hammertank\desktop\opencv_project\opencv_project\x64\debug\opencv_project.tlog\link-cvtres.write.1.tlog
c:\users\hammertank\desktop\opencv_project\opencv_project\x64\debug\opencv_project.tlog\link-rc.read.1.tlog
c:\users\hammertank\desktop\opencv_project\opencv_project\x64\debug\opencv_project.tlog\link-rc.write.1.tlog
c:\users\hammertank\desktop\opencv_project\opencv_project\x64\debug\opencv_project.tlog\link.25088-cvtres.read.1.tlog
c:\users\hammertank\desktop\opencv_project\opencv_project\x64\debug\opencv_project.tlog\link.25088-cvtres.write.1.tlog
c:\users\hammertank\desktop\opencv_project\opencv_project\x64\debug\opencv_project.tlog\link.25088-rc.read.1.tlog
c:\users\hammertank\desktop\opencv_project\opencv_project\x64\debug\opencv_project.tlog\link.25088-rc.write.1.tlog
c:\users\hammertank\desktop\opencv_project\opencv_project\x64\debug\opencv_project.tlog\link.25088.read.1.tlog
c:\users\hammertank\desktop\opencv_project\opencv_project\x64\debug\opencv_project.tlog\link.25088.read.2.tlog
c:\users\hammertank\desktop\opencv_project\opencv_project\x64\debug\opencv_project.tlog\link.25088.write.1.tlog
c:\users\hammertank\desktop\opencv_project\opencv_project\x64\debug\opencv_project.tlog\link.command.1.tlog
c:\users\hammertank\desktop\opencv_project\opencv_project\x64\debug\opencv_project.tlog\link.read.1.tlog
c:\users\hammertank\desktop\opencv_project\opencv_project\x64\debug\opencv_project.tlog\link.read.3.tlog
c:\users\hammertank\desktop\opencv_project\opencv_project\x64\debug\opencv_project.tlog\link.write.1.tlog
